<?xml version="1.0" encoding="UTF-8"?>
<!-- Generated by org.testng.reporters.JUnitReportReporter -->
<testsuite hostname="DESKTOP-C79FB0L" failures="0" tests="4" name="NewMaven.NewMaven.Main" time="161.985" errors="0" timestamp="2025-02-03T22:30:08 IST" skipped="0">
  <testcase classname="NewMaven.NewMaven.Main" name="Cities" time="23.219"/>
  <system-out/>
  <testcase classname="NewMaven.NewMaven.Main" name="TestTwo" time="68.654"/>
  <system-out/>
  <testcase classname="NewMaven.NewMaven.Main" name="TestThree" time="60.051"/>
  <system-out/>
  <testcase classname="NewMaven.NewMaven.Main" name="TestFour" time="10.061"/>
  <system-out/>
</testsuite> <!-- NewMaven.NewMaven.Main -->
